<?xml version="1.0" encoding="UTF-8"?>
<!-- Generated by org.testng.reporters.JUnitReportReporter -->
<testsuite hostname="Ahmets-MacBook-Pro.local" failures="0" tests="2" name="com.neotech.lesson02.AssertDemo" time="20.326" errors="0" timestamp="2023-10-17T17:12:43 EDT" skipped="1">
  <testcase classname="com.neotech.lesson02.AssertDemo" name="logoValidation" time="20.326"/>
  <testcase classname="com.neotech.lesson02.AssertDemo" name="titleValidation">
    <skipped/>
  </testcase> <!-- titleValidation -->
</testsuite> <!-- com.neotech.lesson02.AssertDemo -->
